[2025-04-29 06:27:23] production.ERROR: Unknown database 'pos' {"exception":"[object] (mysqli_sql_exception(code: 1049): Unknown database 'pos' at C:\\Users\\karth\\OneDrive\\Documents\\Alpha Projects\\UltimatePOS-V6.6\\UltimatePOS-CodeBase-V6.6\\app\\Http\\Controllers\\Install\\InstallController.php:186)
[stacktrace]
#0 C:\\Users\\karth\\OneDrive\\Documents\\Alpha Projects\\UltimatePOS-V6.6\\UltimatePOS-CodeBase-V6.6\\app\\Http\\Controllers\\Install\\InstallController.php(186): mysqli_connect('127.0.0.1', 'root', Object(SensitiveParameterValue), 'pos', '3306')
#1 C:\\Users\\karth\\OneDrive\\Documents\\Alpha Projects\\UltimatePOS-V6.6\\UltimatePOS-CodeBase-V6.6\\vendor\\laravel\\framework\\src\\Illuminate\\Routing\\Controller.php(54): App\\Http\\Controllers\\Install\\InstallController->postDetails(Object(Illuminate\\Http\\Request))
#2 C:\\Users\\karth\\OneDrive\\Documents\\Alpha Projects\\UltimatePOS-V6.6\\UltimatePOS-CodeBase-V6.6\\vendor\\laravel\\framework\\src\\Illuminate\\Routing\\ControllerDispatcher.php(43): Illuminate\\Routing\\Controller->callAction('postDetails', Array)
#3 C:\\Users\\karth\\OneDrive\\Documents\\Alpha Projects\\UltimatePOS-V6.6\\UltimatePOS-CodeBase-V6.6\\vendor\\laravel\\framework\\src\\Illuminate\\Routing\\Route.php(259): Illuminate\\Routing\\ControllerDispatcher->dispatch(Object(Illuminate\\Routing\\Route), Object(App\\Http\\Controllers\\Install\\InstallController), 'postDetails')
#4 C:\\Users\\karth\\OneDrive\\Documents\\Alpha Projects\\UltimatePOS-V6.6\\UltimatePOS-CodeBase-V6.6\\vendor\\laravel\\framework\\src\\Illuminate\\Routing\\Route.php(205): Illuminate\\Routing\\Route->runController()
#5 C:\\Users\\karth\\OneDrive\\Documents\\Alpha Projects\\UltimatePOS-V6.6\\UltimatePOS-CodeBase-V6.6\\vendor\\laravel\\framework\\src\\Illuminate\\Routing\\Router.php(798): Illuminate\\Routing\\Route->run()
#6 C:\\Users\\karth\\OneDrive\\Documents\\Alpha Projects\\UltimatePOS-V6.6\\UltimatePOS-CodeBase-V6.6\\vendor\\laravel\\framework\\src\\Illuminate\\Pipeline\\Pipeline.php(141): Illuminate\\Routing\\Router->Illuminate\\Routing\\{closure}(Object(Illuminate\\Http\\Request))
#7 C:\\Users\\karth\\OneDrive\\Documents\\Alpha Projects\\UltimatePOS-V6.6\\UltimatePOS-CodeBase-V6.6\\vendor\\laravel\\framework\\src\\Illuminate\\Routing\\Middleware\\SubstituteBindings.php(50): Illuminate\\Pipeline\\Pipeline->Illuminate\\Pipeline\\{closure}(Object(Illuminate\\Http\\Request))
#8 C:\\Users\\karth\\OneDrive\\Documents\\Alpha Projects\\UltimatePOS-V6.6\\UltimatePOS-CodeBase-V6.6\\vendor\\laravel\\framework\\src\\Illuminate\\Pipeline\\Pipeline.php(180): Illuminate\\Routing\\Middleware\\SubstituteBindings->handle(Object(Illuminate\\Http\\Request), Object(Closure))
#9 C:\\Users\\karth\\OneDrive\\Documents\\Alpha Projects\\UltimatePOS-V6.6\\UltimatePOS-CodeBase-V6.6\\vendor\\laravel\\framework\\src\\Illuminate\\Foundation\\Http\\Middleware\\VerifyCsrfToken.php(78): Illuminate\\Pipeline\\Pipeline->Illuminate\\Pipeline\\{closure}(Object(Illuminate\\Http\\Request))
#10 C:\\Users\\karth\\OneDrive\\Documents\\Alpha Projects\\UltimatePOS-V6.6\\UltimatePOS-CodeBase-V6.6\\vendor\\laravel\\framework\\src\\Illuminate\\Pipeline\\Pipeline.php(180): Illuminate\\Foundation\\Http\\Middleware\\VerifyCsrfToken->handle(Object(Illuminate\\Http\\Request), Object(Closure))
#11 C:\\Users\\karth\\OneDrive\\Documents\\Alpha Projects\\UltimatePOS-V6.6\\UltimatePOS-CodeBase-V6.6\\vendor\\laravel\\framework\\src\\Illuminate\\View\\Middleware\\ShareErrorsFromSession.php(49): Illuminate\\Pipeline\\Pipeline->Illuminate\\Pipeline\\{closure}(Object(Illuminate\\Http\\Request))
#12 C:\\Users\\karth\\OneDrive\\Documents\\Alpha Projects\\UltimatePOS-V6.6\\UltimatePOS-CodeBase-V6.6\\vendor\\laravel\\framework\\src\\Illuminate\\Pipeline\\Pipeline.php(180): Illuminate\\View\\Middleware\\ShareErrorsFromSession->handle(Object(Illuminate\\Http\\Request), Object(Closure))
#13 C:\\Users\\karth\\OneDrive\\Documents\\Alpha Projects\\UltimatePOS-V6.6\\UltimatePOS-CodeBase-V6.6\\vendor\\laravel\\framework\\src\\Illuminate\\Session\\Middleware\\StartSession.php(121): Illuminate\\Pipeline\\Pipeline->Illuminate\\Pipeline\\{closure}(Object(Illuminate\\Http\\Request))
#14 C:\\Users\\karth\\OneDrive\\Documents\\Alpha Projects\\UltimatePOS-V6.6\\UltimatePOS-CodeBase-V6.6\\vendor\\laravel\\framework\\src\\Illuminate\\Session\\Middleware\\StartSession.php(64): Illuminate\\Session\\Middleware\\StartSession->handleStatefulRequest(Object(Illuminate\\Http\\Request), Object(Illuminate\\Session\\Store), Object(Closure))
#15 C:\\Users\\karth\\OneDrive\\Documents\\Alpha Projects\\UltimatePOS-V6.6\\UltimatePOS-CodeBase-V6.6\\vendor\\laravel\\framework\\src\\Illuminate\\Pipeline\\Pipeline.php(180): Illuminate\\Session\\Middleware\\StartSession->handle(Object(Illuminate\\Http\\Request), Object(Closure))
#16 C:\\Users\\karth\\OneDrive\\Documents\\Alpha Projects\\UltimatePOS-V6.6\\UltimatePOS-CodeBase-V6.6\\vendor\\laravel\\framework\\src\\Illuminate\\Cookie\\Middleware\\AddQueuedCookiesToResponse.php(37): Illuminate\\Pipeline\\Pipeline->Illuminate\\Pipeline\\{closure}(Object(Illuminate\\Http\\Request))
#17 C:\\Users\\karth\\OneDrive\\Documents\\Alpha Projects\\UltimatePOS-V6.6\\UltimatePOS-CodeBase-V6.6\\vendor\\laravel\\framework\\src\\Illuminate\\Pipeline\\Pipeline.php(180): Illuminate\\Cookie\\Middleware\\AddQueuedCookiesToResponse->handle(Object(Illuminate\\Http\\Request), Object(Closure))
#18 C:\\Users\\karth\\OneDrive\\Documents\\Alpha Projects\\UltimatePOS-V6.6\\UltimatePOS-CodeBase-V6.6\\vendor\\laravel\\framework\\src\\Illuminate\\Cookie\\Middleware\\EncryptCookies.php(67): Illuminate\\Pipeline\\Pipeline->Illuminate\\Pipeline\\{closure}(Object(Illuminate\\Http\\Request))
#19 C:\\Users\\karth\\OneDrive\\Documents\\Alpha Projects\\UltimatePOS-V6.6\\UltimatePOS-CodeBase-V6.6\\vendor\\laravel\\framework\\src\\Illuminate\\Pipeline\\Pipeline.php(180): Illuminate\\Cookie\\Middleware\\EncryptCookies->handle(Object(Illuminate\\Http\\Request), Object(Closure))
#20 C:\\Users\\karth\\OneDrive\\Documents\\Alpha Projects\\UltimatePOS-V6.6\\UltimatePOS-CodeBase-V6.6\\vendor\\laravel\\framework\\src\\Illuminate\\Pipeline\\Pipeline.php(116): Illuminate\\Pipeline\\Pipeline->Illuminate\\Pipeline\\{closure}(Object(Illuminate\\Http\\Request))
#21 C:\\Users\\karth\\OneDrive\\Documents\\Alpha Projects\\UltimatePOS-V6.6\\UltimatePOS-CodeBase-V6.6\\vendor\\laravel\\framework\\src\\Illuminate\\Routing\\Router.php(797): Illuminate\\Pipeline\\Pipeline->then(Object(Closure))
#22 C:\\Users\\karth\\OneDrive\\Documents\\Alpha Projects\\UltimatePOS-V6.6\\UltimatePOS-CodeBase-V6.6\\vendor\\laravel\\framework\\src\\Illuminate\\Routing\\Router.php(776): Illuminate\\Routing\\Router->runRouteWithinStack(Object(Illuminate\\Routing\\Route), Object(Illuminate\\Http\\Request))
#23 C:\\Users\\karth\\OneDrive\\Documents\\Alpha Projects\\UltimatePOS-V6.6\\UltimatePOS-CodeBase-V6.6\\vendor\\laravel\\framework\\src\\Illuminate\\Routing\\Router.php(740): Illuminate\\Routing\\Router->runRoute(Object(Illuminate\\Http\\Request), Object(Illuminate\\Routing\\Route))
#24 C:\\Users\\karth\\OneDrive\\Documents\\Alpha Projects\\UltimatePOS-V6.6\\UltimatePOS-CodeBase-V6.6\\vendor\\laravel\\framework\\src\\Illuminate\\Routing\\Router.php(729): Illuminate\\Routing\\Router->dispatchToRoute(Object(Illuminate\\Http\\Request))
#25 C:\\Users\\karth\\OneDrive\\Documents\\Alpha Projects\\UltimatePOS-V6.6\\UltimatePOS-CodeBase-V6.6\\vendor\\laravel\\framework\\src\\Illuminate\\Foundation\\Http\\Kernel.php(190): Illuminate\\Routing\\Router->dispatch(Object(Illuminate\\Http\\Request))
#26 C:\\Users\\karth\\OneDrive\\Documents\\Alpha Projects\\UltimatePOS-V6.6\\UltimatePOS-CodeBase-V6.6\\vendor\\laravel\\framework\\src\\Illuminate\\Pipeline\\Pipeline.php(141): Illuminate\\Foundation\\Http\\Kernel->Illuminate\\Foundation\\Http\\{closure}(Object(Illuminate\\Http\\Request))
#27 C:\\Users\\karth\\OneDrive\\Documents\\Alpha Projects\\UltimatePOS-V6.6\\UltimatePOS-CodeBase-V6.6\\vendor\\barryvdh\\laravel-debugbar\\src\\Middleware\\InjectDebugbar.php(59): Illuminate\\Pipeline\\Pipeline->Illuminate\\Pipeline\\{closure}(Object(Illuminate\\Http\\Request))
#28 C:\\Users\\karth\\OneDrive\\Documents\\Alpha Projects\\UltimatePOS-V6.6\\UltimatePOS-CodeBase-V6.6\\vendor\\laravel\\framework\\src\\Illuminate\\Pipeline\\Pipeline.php(180): Barryvdh\\Debugbar\\Middleware\\InjectDebugbar->handle(Object(Illuminate\\Http\\Request), Object(Closure))
#29 C:\\Users\\karth\\OneDrive\\Documents\\Alpha Projects\\UltimatePOS-V6.6\\UltimatePOS-CodeBase-V6.6\\vendor\\laravel\\framework\\src\\Illuminate\\Foundation\\Http\\Middleware\\TransformsRequest.php(21): Illuminate\\Pipeline\\Pipeline->Illuminate\\Pipeline\\{closure}(Object(Illuminate\\Http\\Request))
#30 C:\\Users\\karth\\OneDrive\\Documents\\Alpha Projects\\UltimatePOS-V6.6\\UltimatePOS-CodeBase-V6.6\\vendor\\laravel\\framework\\src\\Illuminate\\Foundation\\Http\\Middleware\\ConvertEmptyStringsToNull.php(31): Illuminate\\Foundation\\Http\\Middleware\\TransformsRequest->handle(Object(Illuminate\\Http\\Request), Object(Closure))
#31 C:\\Users\\karth\\OneDrive\\Documents\\Alpha Projects\\UltimatePOS-V6.6\\UltimatePOS-CodeBase-V6.6\\vendor\\laravel\\framework\\src\\Illuminate\\Pipeline\\Pipeline.php(180): Illuminate\\Foundation\\Http\\Middleware\\ConvertEmptyStringsToNull->handle(Object(Illuminate\\Http\\Request), Object(Closure))
#32 C:\\Users\\karth\\OneDrive\\Documents\\Alpha Projects\\UltimatePOS-V6.6\\UltimatePOS-CodeBase-V6.6\\vendor\\laravel\\framework\\src\\Illuminate\\Foundation\\Http\\Middleware\\TransformsRequest.php(21): Illuminate\\Pipeline\\Pipeline->Illuminate\\Pipeline\\{closure}(Object(Illuminate\\Http\\Request))
#33 C:\\Users\\karth\\OneDrive\\Documents\\Alpha Projects\\UltimatePOS-V6.6\\UltimatePOS-CodeBase-V6.6\\vendor\\laravel\\framework\\src\\Illuminate\\Foundation\\Http\\Middleware\\TrimStrings.php(40): Illuminate\\Foundation\\Http\\Middleware\\TransformsRequest->handle(Object(Illuminate\\Http\\Request), Object(Closure))
#34 C:\\Users\\karth\\OneDrive\\Documents\\Alpha Projects\\UltimatePOS-V6.6\\UltimatePOS-CodeBase-V6.6\\vendor\\laravel\\framework\\src\\Illuminate\\Pipeline\\Pipeline.php(180): Illuminate\\Foundation\\Http\\Middleware\\TrimStrings->handle(Object(Illuminate\\Http\\Request), Object(Closure))
#35 C:\\Users\\karth\\OneDrive\\Documents\\Alpha Projects\\UltimatePOS-V6.6\\UltimatePOS-CodeBase-V6.6\\vendor\\laravel\\framework\\src\\Illuminate\\Foundation\\Http\\Middleware\\ValidatePostSize.php(27): Illuminate\\Pipeline\\Pipeline->Illuminate\\Pipeline\\{closure}(Object(Illuminate\\Http\\Request))
#36 C:\\Users\\karth\\OneDrive\\Documents\\Alpha Projects\\UltimatePOS-V6.6\\UltimatePOS-CodeBase-V6.6\\vendor\\laravel\\framework\\src\\Illuminate\\Pipeline\\Pipeline.php(180): Illuminate\\Foundation\\Http\\Middleware\\ValidatePostSize->handle(Object(Illuminate\\Http\\Request), Object(Closure))
#37 C:\\Users\\karth\\OneDrive\\Documents\\Alpha Projects\\UltimatePOS-V6.6\\UltimatePOS-CodeBase-V6.6\\vendor\\laravel\\framework\\src\\Illuminate\\Foundation\\Http\\Middleware\\PreventRequestsDuringMaintenance.php(86): Illuminate\\Pipeline\\Pipeline->Illuminate\\Pipeline\\{closure}(Object(Illuminate\\Http\\Request))
#38 C:\\Users\\karth\\OneDrive\\Documents\\Alpha Projects\\UltimatePOS-V6.6\\UltimatePOS-CodeBase-V6.6\\vendor\\laravel\\framework\\src\\Illuminate\\Pipeline\\Pipeline.php(180): Illuminate\\Foundation\\Http\\Middleware\\PreventRequestsDuringMaintenance->handle(Object(Illuminate\\Http\\Request), Object(Closure))
#39 C:\\Users\\karth\\OneDrive\\Documents\\Alpha Projects\\UltimatePOS-V6.6\\UltimatePOS-CodeBase-V6.6\\vendor\\laravel\\framework\\src\\Illuminate\\Http\\Middleware\\HandleCors.php(49): Illuminate\\Pipeline\\Pipeline->Illuminate\\Pipeline\\{closure}(Object(Illuminate\\Http\\Request))
#40 C:\\Users\\karth\\OneDrive\\Documents\\Alpha Projects\\UltimatePOS-V6.6\\UltimatePOS-CodeBase-V6.6\\vendor\\laravel\\framework\\src\\Illuminate\\Pipeline\\Pipeline.php(180): Illuminate\\Http\\Middleware\\HandleCors->handle(Object(Illuminate\\Http\\Request), Object(Closure))
#41 C:\\Users\\karth\\OneDrive\\Documents\\Alpha Projects\\UltimatePOS-V6.6\\UltimatePOS-CodeBase-V6.6\\vendor\\laravel\\framework\\src\\Illuminate\\Http\\Middleware\\TrustProxies.php(39): Illuminate\\Pipeline\\Pipeline->Illuminate\\Pipeline\\{closure}(Object(Illuminate\\Http\\Request))
#42 C:\\Users\\karth\\OneDrive\\Documents\\Alpha Projects\\UltimatePOS-V6.6\\UltimatePOS-CodeBase-V6.6\\vendor\\laravel\\framework\\src\\Illuminate\\Pipeline\\Pipeline.php(180): Illuminate\\Http\\Middleware\\TrustProxies->handle(Object(Illuminate\\Http\\Request), Object(Closure))
#43 C:\\Users\\karth\\OneDrive\\Documents\\Alpha Projects\\UltimatePOS-V6.6\\UltimatePOS-CodeBase-V6.6\\vendor\\laravel\\framework\\src\\Illuminate\\Pipeline\\Pipeline.php(116): Illuminate\\Pipeline\\Pipeline->Illuminate\\Pipeline\\{closure}(Object(Illuminate\\Http\\Request))
#44 C:\\Users\\karth\\OneDrive\\Documents\\Alpha Projects\\UltimatePOS-V6.6\\UltimatePOS-CodeBase-V6.6\\vendor\\laravel\\framework\\src\\Illuminate\\Foundation\\Http\\Kernel.php(165): Illuminate\\Pipeline\\Pipeline->then(Object(Closure))
#45 C:\\Users\\karth\\OneDrive\\Documents\\Alpha Projects\\UltimatePOS-V6.6\\UltimatePOS-CodeBase-V6.6\\vendor\\laravel\\framework\\src\\Illuminate\\Foundation\\Http\\Kernel.php(134): Illuminate\\Foundation\\Http\\Kernel->sendRequestThroughRouter(Object(Illuminate\\Http\\Request))
#46 C:\\Users\\karth\\OneDrive\\Documents\\Alpha Projects\\UltimatePOS-V6.6\\UltimatePOS-CodeBase-V6.6\\public\\index.php(51): Illuminate\\Foundation\\Http\\Kernel->handle(Object(Illuminate\\Http\\Request))
#47 C:\\Users\\karth\\OneDrive\\Documents\\Alpha Projects\\UltimatePOS-V6.6\\UltimatePOS-CodeBase-V6.6\\vendor\\laravel\\framework\\src\\Illuminate\\Foundation\\resources\\server.php(16): require_once('C:\\\\Users\\\\karth\\\\...')
#48 {main}
"} 
[2025-05-30 13:38:46] laravel.EMERGENCY: Unable to create configured logger. Using emergency logger. {"exception":"[object] (InvalidArgumentException(code: 0): Log [] is not defined. at D:\\Do365\\Total Pos\\vendor\\laravel\\framework\\src\\Illuminate\\Log\\LogManager.php:210)
[stacktrace]
#0 D:\\Do365\\Total Pos\\vendor\\laravel\\framework\\src\\Illuminate\\Log\\LogManager.php(135): Illuminate\\Log\\LogManager->resolve(NULL, NULL)
#1 D:\\Do365\\Total Pos\\vendor\\laravel\\framework\\src\\Illuminate\\Log\\LogManager.php(122): Illuminate\\Log\\LogManager->get(NULL)
#2 D:\\Do365\\Total Pos\\vendor\\laravel\\framework\\src\\Illuminate\\Log\\LogManager.php(645): Illuminate\\Log\\LogManager->driver()
#3 D:\\Do365\\Total Pos\\vendor\\laravel\\framework\\src\\Illuminate\\Foundation\\Exceptions\\Handler.php(274): Illuminate\\Log\\LogManager->error('syntax error, u...', Array)
#4 D:\\Do365\\Total Pos\\vendor\\laravel\\framework\\src\\Illuminate\\Foundation\\Http\\Kernel.php(481): Illuminate\\Foundation\\Exceptions\\Handler->report(Object(ParseError))
#5 D:\\Do365\\Total Pos\\vendor\\laravel\\framework\\src\\Illuminate\\Foundation\\Http\\Kernel.php(136): Illuminate\\Foundation\\Http\\Kernel->reportException(Object(ParseError))
#6 D:\\Do365\\Total Pos\\public\\index.php(51): Illuminate\\Foundation\\Http\\Kernel->handle(Object(Illuminate\\Http\\Request))
#7 D:\\Do365\\Total Pos\\vendor\\laravel\\framework\\src\\Illuminate\\Foundation\\resources\\server.php(16): require_once('D:\\\\Do365\\\\Total ...')
#8 {main}
"} 
[2025-05-30 13:38:46] laravel.ERROR: syntax error, unexpected identifier "options", expecting "]" {"exception":"[object] (ParseError(code: 0): syntax error, unexpected identifier \"options\", expecting \"]\" at D:\\Do365\\Total Pos\\config\\database.php:65)
[stacktrace]
#0 D:\\Do365\\Total Pos\\vendor\\laravel\\framework\\src\\Illuminate\\Foundation\\Bootstrap\\LoadConfiguration.php(39): Illuminate\\Foundation\\Bootstrap\\LoadConfiguration->loadConfigurationFiles(Object(Illuminate\\Foundation\\Application), Object(Illuminate\\Config\\Repository))
#1 D:\\Do365\\Total Pos\\vendor\\laravel\\framework\\src\\Illuminate\\Foundation\\Application.php(265): Illuminate\\Foundation\\Bootstrap\\LoadConfiguration->bootstrap(Object(Illuminate\\Foundation\\Application))
#2 D:\\Do365\\Total Pos\\vendor\\laravel\\framework\\src\\Illuminate\\Foundation\\Http\\Kernel.php(176): Illuminate\\Foundation\\Application->bootstrapWith(Array)
#3 D:\\Do365\\Total Pos\\vendor\\laravel\\framework\\src\\Illuminate\\Foundation\\Http\\Kernel.php(160): Illuminate\\Foundation\\Http\\Kernel->bootstrap()
#4 D:\\Do365\\Total Pos\\vendor\\laravel\\framework\\src\\Illuminate\\Foundation\\Http\\Kernel.php(134): Illuminate\\Foundation\\Http\\Kernel->sendRequestThroughRouter(Object(Illuminate\\Http\\Request))
#5 D:\\Do365\\Total Pos\\public\\index.php(51): Illuminate\\Foundation\\Http\\Kernel->handle(Object(Illuminate\\Http\\Request))
#6 D:\\Do365\\Total Pos\\vendor\\laravel\\framework\\src\\Illuminate\\Foundation\\resources\\server.php(16): require_once('D:\\\\Do365\\\\Total ...')
#7 {main}
"} 
[2025-05-30 13:39:46] laravel.EMERGENCY: Unable to create configured logger. Using emergency logger. {"exception":"[object] (InvalidArgumentException(code: 0): Log [] is not defined. at D:\\Do365\\Total Pos\\vendor\\laravel\\framework\\src\\Illuminate\\Log\\LogManager.php:210)
[stacktrace]
#0 D:\\Do365\\Total Pos\\vendor\\laravel\\framework\\src\\Illuminate\\Log\\LogManager.php(135): Illuminate\\Log\\LogManager->resolve(NULL, NULL)
#1 D:\\Do365\\Total Pos\\vendor\\laravel\\framework\\src\\Illuminate\\Log\\LogManager.php(122): Illuminate\\Log\\LogManager->get(NULL)
#2 D:\\Do365\\Total Pos\\vendor\\laravel\\framework\\src\\Illuminate\\Log\\LogManager.php(645): Illuminate\\Log\\LogManager->driver()
#3 D:\\Do365\\Total Pos\\vendor\\laravel\\framework\\src\\Illuminate\\Foundation\\Exceptions\\Handler.php(274): Illuminate\\Log\\LogManager->error('syntax error, u...', Array)
#4 D:\\Do365\\Total Pos\\vendor\\laravel\\framework\\src\\Illuminate\\Foundation\\Http\\Kernel.php(481): Illuminate\\Foundation\\Exceptions\\Handler->report(Object(ParseError))
#5 D:\\Do365\\Total Pos\\vendor\\laravel\\framework\\src\\Illuminate\\Foundation\\Http\\Kernel.php(136): Illuminate\\Foundation\\Http\\Kernel->reportException(Object(ParseError))
#6 D:\\Do365\\Total Pos\\public\\index.php(51): Illuminate\\Foundation\\Http\\Kernel->handle(Object(Illuminate\\Http\\Request))
#7 D:\\Do365\\Total Pos\\vendor\\laravel\\framework\\src\\Illuminate\\Foundation\\resources\\server.php(16): require_once('D:\\\\Do365\\\\Total ...')
#8 {main}
"} 
[2025-05-30 13:39:46] laravel.ERROR: syntax error, unexpected identifier "options", expecting "]" {"exception":"[object] (ParseError(code: 0): syntax error, unexpected identifier \"options\", expecting \"]\" at D:\\Do365\\Total Pos\\config\\database.php:65)
[stacktrace]
#0 D:\\Do365\\Total Pos\\vendor\\laravel\\framework\\src\\Illuminate\\Foundation\\Bootstrap\\LoadConfiguration.php(39): Illuminate\\Foundation\\Bootstrap\\LoadConfiguration->loadConfigurationFiles(Object(Illuminate\\Foundation\\Application), Object(Illuminate\\Config\\Repository))
#1 D:\\Do365\\Total Pos\\vendor\\laravel\\framework\\src\\Illuminate\\Foundation\\Application.php(265): Illuminate\\Foundation\\Bootstrap\\LoadConfiguration->bootstrap(Object(Illuminate\\Foundation\\Application))
#2 D:\\Do365\\Total Pos\\vendor\\laravel\\framework\\src\\Illuminate\\Foundation\\Http\\Kernel.php(176): Illuminate\\Foundation\\Application->bootstrapWith(Array)
#3 D:\\Do365\\Total Pos\\vendor\\laravel\\framework\\src\\Illuminate\\Foundation\\Http\\Kernel.php(160): Illuminate\\Foundation\\Http\\Kernel->bootstrap()
#4 D:\\Do365\\Total Pos\\vendor\\laravel\\framework\\src\\Illuminate\\Foundation\\Http\\Kernel.php(134): Illuminate\\Foundation\\Http\\Kernel->sendRequestThroughRouter(Object(Illuminate\\Http\\Request))
#5 D:\\Do365\\Total Pos\\public\\index.php(51): Illuminate\\Foundation\\Http\\Kernel->handle(Object(Illuminate\\Http\\Request))
#6 D:\\Do365\\Total Pos\\vendor\\laravel\\framework\\src\\Illuminate\\Foundation\\resources\\server.php(16): require_once('D:\\\\Do365\\\\Total ...')
#7 {main}
"} 
